==============================================================================

                  ------ MOMENTUM STATISTICS (MW mode) ------

              Momentum MomEngine_64 8.0.182 (*) 331.200 May  5 2008
                           Thu Apr 29 10:18:25 2010

==============================================================================


------------------------------------------------------------------------------
SOLVER                        USER TIME      ELAPSED TIME      MEMORY         
PROCESSES                      (h:m:s)          (h:m:s)         (MB)          
------------------------------------------------------------------------------

SIMULATION SET-UP
-----------------
 Initialization           |     0: 0: 0   |     0: 0: 0   |      0.00   
 Ports analysis           |     0: 0: 0   |     0: 0: 1   |      0.00   
 Mesh processing          |     0: 0: 1   |     0: 0: 0   |      0.00   

 Matrix size : 2627
 Reduced matrix size : 2562

1. SIMULATION FREQUENCY = 1.5 GHz 
-------------------------
 Green functions          |     0: 0: 0   |     0: 0: 1   |      2.72   
 Basis creation           |     0: 0: 0   |     0: 0: 0   |     10.27   
 Matrix load              |     0: 0:10   |     0: 0: 7   |    119.67   
 Matrix solve             |     0: 0: 8   |     0: 0: 2   |     80.02   
 Port calibration         |     0: 0: 8   |     0: 0: 4   |     57.44   
 S parameters             |     0: 0: 0   |     0: 0: 0   |      0.00   

------------------------------------------------------------------------------
TOTALS
------------------------------------------------------------------------------
 Nr of Frequencies   : 1 

 Process size :   270.11 MB
 User Time    :    0h 0m28s
 Elapsed Time :    0h 0m15s

==============================================================================


temporary work directory = C:\Users\APLPrj02\AppData\Local\Temp\735182

